# JRE version: OpenJDK Runtime Environment (16.0.1+9) (build 16.0.1+9-24)
# Java VM: OpenJDK 64-Bit Server VM (16.0.1+9-24, mixed mode, sharing, tiered, compressed oops, compressed class ptrs, g1 gc, windows-amd64)
GC Precious Log:
 CPUs: 8 total, 8 available
 Memory: 6080M
 Large Page Support: Disabled
 NUMA Support: Disabled
 Compressed Oops: Enabled (32-bit)
 Heap Region Size: 1M
 Heap Min Capacity: 8M
 Heap Initial Capacity: 96M
 Heap Max Capacity: 1522M
 Pre-touch: Disabled
 Parallel Workers: 8
 Concurrent Workers: 2
 Concurrent Refinement Workers: 8
 Periodic GC: Disabled
Heap:
 garbage-first heap   total 135168K, used 96336K [0x00000000a0e00000, 0x0000000100000000)
  region size 1024K, 3 young (3072K), 2 survivors (2048K)
 Metaspace       used 49718K, committed 50112K, reserved 1097728K
  class space    used 6426K, committed 6656K, reserved 1048576K
GC Heap History (20 events):
Event: 16.914 GC heap before
{Heap before GC invocations=7 (full 0):
 garbage-first heap   total 40960K, used 30466K [0x00000000a0e00000, 0x0000000100000000)
  region size 1024K, 20 young (20480K), 3 survivors (3072K)
 Metaspace       used 32695K, committed 33024K, reserved 1081344K
  class space    used 4338K, committed 4480K, reserved 1048576K
}
Event: 16.921 GC heap after
{Heap after GC invocations=8 (full 0):
 garbage-first heap   total 40960K, used 15084K [0x00000000a0e00000, 0x0000000100000000)
  region size 1024K, 3 young (3072K), 3 survivors (3072K)
 Metaspace       used 32695K, committed 33024K, reserved 1081344K
  class space    used 4338K, committed 4480K, reserved 1048576K
}
Event: 17.479 GC heap before
{Heap before GC invocations=8 (full 0):
 garbage-first heap   total 40960K, used 23276K [0x00000000a0e00000, 0x0000000100000000)
  region size 1024K, 13 young (13312K), 3 survivors (3072K)
 Metaspace       used 35179K, committed 35520K, reserved 1081344K
  class space    used 4671K, committed 4864K, reserved 1048576K
}
Event: 17.484 GC heap after
{Heap after GC invocations=9 (full 0):
 garbage-first heap   total 40960K, used 16886K [0x00000000a0e00000, 0x0000000100000000)
  region size 1024K, 2 young (2048K), 2 survivors (2048K)
 Metaspace       used 35179K, committed 35520K, reserved 1081344K
  class space    used 4671K, committed 4864K, reserved 1048576K
}
Event: 25.021 GC heap before
{Heap before GC invocations=10 (full 0):
 garbage-first heap   total 40960K, used 31222K [0x00000000a0e00000, 0x0000000100000000)
  region size 1024K, 16 young (16384K), 2 survivors (2048K)
 Metaspace       used 38316K, committed 38656K, reserved 1089536K
  class space    used 5067K, committed 5248K, reserved 1048576K
}
Event: 25.025 GC heap after
{Heap after GC invocations=11 (full 0):
 garbage-first heap   total 40960K, used 19419K [0x00000000a0e00000, 0x0000000100000000)
  region size 1024K, 2 young (2048K), 2 survivors (2048K)
 Metaspace       used 38316K, committed 38656K, reserved 1089536K
  class space    used 5067K, committed 5248K, reserved 1048576K
}
Event: 50.740 GC heap before
{Heap before GC invocations=11 (full 0):
 garbage-first heap   total 40960K, used 29659K [0x00000000a0e00000, 0x0000000100000000)
  region size 1024K, 13 young (13312K), 2 survivors (2048K)
 Metaspace       used 40722K, committed 41088K, reserved 1089536K
  class space    used 5332K, committed 5504K, reserved 1048576K
}
Event: 50.744 GC heap after
{Heap after GC invocations=12 (full 0):
 garbage-first heap   total 40960K, used 21762K [0x00000000a0e00000, 0x0000000100000000)
  region size 1024K, 2 young (2048K), 2 survivors (2048K)
 Metaspace       used 40722K, committed 41088K, reserved 1089536K
  class space    used 5332K, committed 5504K, reserved 1048576K
}
Event: 86.133 GC heap before
{Heap before GC invocations=12 (full 0):
 garbage-first heap   total 40960K, used 30978K [0x00000000a0e00000, 0x0000000100000000)
  region size 1024K, 11 young (11264K), 2 survivors (2048K)
 Metaspace       used 42163K, committed 42496K, reserved 1089536K
  class space    used 5523K, committed 5696K, reserved 1048576K
}
Event: 86.137 GC heap after
{Heap after GC invocations=13 (full 0):
 garbage-first heap   total 40960K, used 23186K [0x00000000a0e00000, 0x0000000100000000)
  region size 1024K, 2 young (2048K), 2 survivors (2048K)
 Metaspace       used 42163K, committed 42496K, reserved 1089536K
  class space    used 5523K, committed 5696K, reserved 1048576K
}
Event: 86.408 GC heap before
{Heap before GC invocations=14 (full 0):
 garbage-first heap   total 43008K, used 30354K [0x00000000a0e00000, 0x0000000100000000)
  region size 1024K, 10 young (10240K), 2 survivors (2048K)
 Metaspace       used 44383K, committed 44800K, reserved 1089536K
  class space    used 5755K, committed 5952K, reserved 1048576K
}
Event: 86.410 GC heap after
{Heap after GC invocations=15 (full 0):
 garbage-first heap   total 43008K, used 24527K [0x00000000a0e00000, 0x0000000100000000)
  region size 1024K, 2 young (2048K), 2 survivors (2048K)
 Metaspace       used 44383K, committed 44800K, reserved 1089536K
  class space    used 5755K, committed 5952K, reserved 1048576K
}
Event: 87.287 GC heap before
{Heap before GC invocations=15 (full 0):
 garbage-first heap   total 43008K, used 31695K [0x00000000a0e00000, 0x0000000100000000)
  region size 1024K, 10 young (10240K), 2 survivors (2048K)
 Metaspace       used 48441K, committed 48832K, reserved 1097728K
  class space    used 6280K, committed 6464K, reserved 1048576K
}
Event: 87.291 GC heap after
{Heap after GC invocations=16 (full 0):
 garbage-first heap   total 43008K, used 25604K [0x00000000a0e00000, 0x0000000100000000)
  region size 1024K, 2 young (2048K), 2 survivors (2048K)
 Metaspace       used 48441K, committed 48832K, reserved 1097728K
  class space    used 6280K, committed 6464K, reserved 1048576K
}
Event: 87.412 GC heap before
{Heap before GC invocations=17 (full 0):
 garbage-first heap   total 46080K, used 26628K [0x00000000a0e00000, 0x0000000100000000)
  region size 1024K, 5 young (5120K), 2 survivors (2048K)
 Metaspace       used 49124K, committed 49472K, reserved 1097728K
  class space    used 6383K, committed 6528K, reserved 1048576K
}
Event: 87.415 GC heap after
{Heap after GC invocations=18 (full 0):
 garbage-first heap   total 46080K, used 25808K [0x00000000a0e00000, 0x0000000100000000)
  region size 1024K, 1 young (1024K), 1 survivors (1024K)
 Metaspace       used 49124K, committed 49472K, reserved 1097728K
  class space    used 6383K, committed 6528K, reserved 1048576K
}
Event: 87.774 GC heap before
{Heap before GC invocations=19 (full 0):
 garbage-first heap   total 76800K, used 46288K [0x00000000a0e00000, 0x0000000100000000)
  region size 1024K, 5 young (5120K), 1 survivors (1024K)
 Metaspace       used 49557K, committed 49920K, reserved 1097728K
  class space    used 6413K, committed 6592K, reserved 1048576K
}
Event: 87.787 GC heap after
{Heap after GC invocations=20 (full 0):
 garbage-first heap   total 76800K, used 43960K [0x00000000a0e00000, 0x0000000100000000)
  region size 1024K, 1 young (1024K), 1 survivors (1024K)
 Metaspace       used 49557K, committed 49920K, reserved 1097728K
  class space    used 6413K, committed 6592K, reserved 1048576K
}
Event: 88.034 GC heap before
{Heap before GC invocations=21 (full 0):
 garbage-first heap   total 135168K, used 78776K [0x00000000a0e00000, 0x0000000100000000)
  region size 1024K, 2 young (2048K), 1 survivors (1024K)
 Metaspace       used 49686K, committed 50112K, reserved 1097728K
  class space    used 6422K, committed 6656K, reserved 1048576K
}
Event: 88.037 GC heap after
{Heap after GC invocations=22 (full 0):
 garbage-first heap   total 135168K, used 78928K [0x00000000a0e00000, 0x0000000100000000)
  region size 1024K, 2 young (2048K), 2 survivors (2048K)
 Metaspace       used 49686K, committed 50112K, reserved 1097728K
  class space    used 6422K, committed 6656K, reserved 1048576K
}

